[2025-11-09T19:14:03.856+0000] {local_task_job_runner.py:123} INFO - ::group::Pre task execution logs
[2025-11-09T19:14:03.876+0000] {taskinstance.py:2603} INFO - Dependencies all met for dep_context=non-requeueable deps ti=<TaskInstance: app_script_dag.run_app_script scheduled__2025-11-09T18:00:00+00:00 [queued]>
[2025-11-09T19:14:03.885+0000] {taskinstance.py:2603} INFO - Dependencies all met for dep_context=requeueable deps ti=<TaskInstance: app_script_dag.run_app_script scheduled__2025-11-09T18:00:00+00:00 [queued]>
[2025-11-09T19:14:03.887+0000] {taskinstance.py:2856} INFO - Starting attempt 2 of 2
[2025-11-09T19:14:03.901+0000] {taskinstance.py:2879} INFO - Executing <Task(BashOperator): run_app_script> on 2025-11-09 18:00:00+00:00
[2025-11-09T19:14:03.910+0000] {warnings.py:112} WARNING - /home/***/.local/lib/python3.12/site-packages/***/task/task_runner/standard_task_runner.py:70: DeprecationWarning: This process (pid=1242) is multi-threaded, use of fork() may lead to deadlocks in the child.
  pid = os.fork()

[2025-11-09T19:14:03.913+0000] {standard_task_runner.py:104} INFO - Running: ['***', 'tasks', 'run', 'app_script_dag', 'run_app_script', 'scheduled__2025-11-09T18:00:00+00:00', '--job-id', '82', '--raw', '--subdir', 'DAGS_FOLDER/app_dag.py', '--cfg-path', '/tmp/tmpixcy6vzq']
[2025-11-09T19:14:03.914+0000] {standard_task_runner.py:72} INFO - Started process 1244 to run task
[2025-11-09T19:14:03.914+0000] {standard_task_runner.py:105} INFO - Job 82: Subtask run_app_script
[2025-11-09T19:14:04.000+0000] {task_command.py:467} INFO - Running <TaskInstance: app_script_dag.run_app_script scheduled__2025-11-09T18:00:00+00:00 [running]> on host 66886aa8ec0d
[2025-11-09T19:14:04.092+0000] {taskinstance.py:3122} INFO - Exporting env vars: AIRFLOW_CTX_DAG_OWNER='***' AIRFLOW_CTX_DAG_ID='app_script_dag' AIRFLOW_CTX_TASK_ID='run_app_script' AIRFLOW_CTX_EXECUTION_DATE='2025-11-09T18:00:00+00:00' AIRFLOW_CTX_TRY_NUMBER='2' AIRFLOW_CTX_DAG_RUN_ID='scheduled__2025-11-09T18:00:00+00:00'
[2025-11-09T19:14:04.093+0000] {logging_mixin.py:190} INFO - Task instance is in running state
[2025-11-09T19:14:04.094+0000] {logging_mixin.py:190} INFO -  Previous state of the Task instance: queued
[2025-11-09T19:14:04.095+0000] {logging_mixin.py:190} INFO - Current task name:run_app_script state:running start_date:2025-11-09 19:14:03.877095+00:00
[2025-11-09T19:14:04.095+0000] {logging_mixin.py:190} INFO - Dag name:app_script_dag and current dag run status:running
[2025-11-09T19:14:04.096+0000] {taskinstance.py:731} INFO - ::endgroup::
[2025-11-09T19:14:04.097+0000] {subprocess.py:63} INFO - Tmp dir root location: /tmp
[2025-11-09T19:14:04.099+0000] {subprocess.py:75} INFO - Running command: ['/usr/bin/bash', '-c', 'python3 /opt/***/src/app.py']
[2025-11-09T19:14:04.114+0000] {subprocess.py:86} INFO - Output:
[2025-11-09T19:14:08.945+0000] {subprocess.py:93} INFO - 
[2025-11-09T19:14:08.947+0000] {subprocess.py:93} INFO - === Traitement catégorie : feed_trending ===
[2025-11-09T19:14:08.950+0000] {subprocess.py:93} INFO - Erreur API (app.bsky.feed.searchPosts) : 400 {"error":"ExpiredToken","message":"Token has expired"}
[2025-11-09T19:14:08.952+0000] {subprocess.py:93} INFO - Fin du flux search_breaking — 0 insérés, 0 mis à jour, 0 lus.
[2025-11-09T19:14:08.953+0000] {subprocess.py:93} INFO - Erreur API (app.bsky.feed.searchPosts) : 400 {"error":"ExpiredToken","message":"Token has expired"}
[2025-11-09T19:14:08.955+0000] {subprocess.py:93} INFO - Fin du flux search_urgent — 0 insérés, 0 mis à jour, 0 lus.
[2025-11-09T19:14:08.956+0000] {subprocess.py:93} INFO - Erreur API (app.bsky.feed.searchPosts) : 400 {"error":"ExpiredToken","message":"Token has expired"}
[2025-11-09T19:14:08.957+0000] {subprocess.py:93} INFO - Fin du flux search_live — 0 insérés, 0 mis à jour, 0 lus.
[2025-11-09T19:14:08.958+0000] {subprocess.py:93} INFO - 
[2025-11-09T19:14:08.958+0000] {subprocess.py:93} INFO - === Traitement catégorie : feed_hot_topics ===
[2025-11-09T19:14:08.960+0000] {subprocess.py:93} INFO - Erreur API (app.bsky.feed.searchPosts) : 400 {"error":"ExpiredToken","message":"Token has expired"}
[2025-11-09T19:14:08.961+0000] {subprocess.py:93} INFO - Fin du flux search_politics — 0 insérés, 0 mis à jour, 0 lus.
[2025-11-09T19:14:08.962+0000] {subprocess.py:93} INFO - Erreur API (app.bsky.feed.searchPosts) : 400 {"error":"ExpiredToken","message":"Token has expired"}
[2025-11-09T19:14:08.963+0000] {subprocess.py:93} INFO - Fin du flux search_election — 0 insérés, 0 mis à jour, 0 lus.
[2025-11-09T19:14:08.964+0000] {subprocess.py:93} INFO - Erreur API (app.bsky.feed.searchPosts) : 400 {"error":"ExpiredToken","message":"Token has expired"}
[2025-11-09T19:14:08.965+0000] {subprocess.py:93} INFO - Fin du flux search_covid — 0 insérés, 0 mis à jour, 0 lus.
[2025-11-09T19:14:08.965+0000] {subprocess.py:93} INFO - Erreur API (app.bsky.feed.searchPosts) : 400 {"error":"ExpiredToken","message":"Token has expired"}
[2025-11-09T19:14:08.966+0000] {subprocess.py:93} INFO - Fin du flux search_crisis — 0 insérés, 0 mis à jour, 0 lus.
[2025-11-09T19:14:08.967+0000] {subprocess.py:93} INFO - 
[2025-11-09T19:14:08.967+0000] {subprocess.py:93} INFO - === Traitement catégorie : feed_discover ===
[2025-11-09T19:14:08.968+0000] {subprocess.py:93} INFO - Erreur API (app.bsky.feed.searchPosts) : 400 {"error":"ExpiredToken","message":"Token has expired"}
[2025-11-09T19:14:08.969+0000] {subprocess.py:93} INFO - Fin du flux search_news — 0 insérés, 0 mis à jour, 0 lus.
[2025-11-09T19:14:08.970+0000] {subprocess.py:93} INFO - Erreur API (app.bsky.feed.searchPosts) : 400 {"error":"ExpiredToken","message":"Token has expired"}
[2025-11-09T19:14:08.970+0000] {subprocess.py:93} INFO - Fin du flux search_world — 0 insérés, 0 mis à jour, 0 lus.
[2025-11-09T19:14:08.971+0000] {subprocess.py:93} INFO - Erreur API (app.bsky.feed.searchPosts) : 400 {"error":"ExpiredToken","message":"Token has expired"}
[2025-11-09T19:14:08.972+0000] {subprocess.py:93} INFO - Fin du flux search_science — 0 insérés, 0 mis à jour, 0 lus.
[2025-11-09T19:14:08.973+0000] {subprocess.py:93} INFO - Erreur API (app.bsky.feed.searchPosts) : 400 {"error":"ExpiredToken","message":"Token has expired"}
[2025-11-09T19:14:08.974+0000] {subprocess.py:93} INFO - Fin du flux search_tech — 0 insérés, 0 mis à jour, 0 lus.
[2025-11-09T19:14:08.975+0000] {subprocess.py:93} INFO - Traceback (most recent call last):
[2025-11-09T19:14:08.975+0000] {subprocess.py:93} INFO -   File "/opt/***/src/app.py", line 19, in <module>
[2025-11-09T19:14:08.976+0000] {subprocess.py:93} INFO -     get_author_feed(getItems.functions.TARGET[i]['handle'])
[2025-11-09T19:14:08.980+0000] {subprocess.py:93} INFO -   File "/opt/***/src/app.py", line 5, in get_author_feed
[2025-11-09T19:14:08.980+0000] {subprocess.py:93} INFO -     getItems.fetch_and_store_feed("app.bsky.feed.getAuthorFeed", params, source_name="author_feed")
[2025-11-09T19:14:08.981+0000] {subprocess.py:93} INFO -     ^^^^^^^^^^^^^^^^^^^^^^^^^^^^^
[2025-11-09T19:14:08.981+0000] {subprocess.py:93} INFO - AttributeError: module 'getItems' has no attribute 'fetch_and_store_feed'. Did you mean: 'fetch_and_store_items'?
[2025-11-09T19:14:09.515+0000] {subprocess.py:97} INFO - Command exited with return code 1
[2025-11-09T19:14:09.538+0000] {taskinstance.py:3301} ERROR - Task failed with exception
Traceback (most recent call last):
  File "/home/airflow/.local/lib/python3.12/site-packages/airflow/models/taskinstance.py", line 767, in _execute_task
    result = _execute_callable(context=context, **execute_callable_kwargs)
             ^^^^^^^^^^^^^^^^^^^^^^^^^^^^^^^^^^^^^^^^^^^^^^^^^^^^^^^^^^^^^
  File "/home/airflow/.local/lib/python3.12/site-packages/airflow/models/taskinstance.py", line 733, in _execute_callable
    return ExecutionCallableRunner(
           ^^^^^^^^^^^^^^^^^^^^^^^^
  File "/home/airflow/.local/lib/python3.12/site-packages/airflow/utils/operator_helpers.py", line 252, in run
    return self.func(*args, **kwargs)
           ^^^^^^^^^^^^^^^^^^^^^^^^^^
  File "/home/airflow/.local/lib/python3.12/site-packages/airflow/models/baseoperator.py", line 406, in wrapper
    return func(self, *args, **kwargs)
           ^^^^^^^^^^^^^^^^^^^^^^^^^^^
  File "/home/airflow/.local/lib/python3.12/site-packages/airflow/operators/bash.py", line 249, in execute
    raise AirflowException(
airflow.exceptions.AirflowException: Bash command failed. The command returned a non-zero exit code 1.
[2025-11-09T19:14:09.547+0000] {logging_mixin.py:190} INFO - Task instance in failure state
[2025-11-09T19:14:09.548+0000] {logging_mixin.py:190} INFO - Task start:2025-11-09 19:14:03.877095+00:00 end:2025-11-09 19:14:09.545700+00:00 duration:5.668605
[2025-11-09T19:14:09.549+0000] {logging_mixin.py:190} INFO - Task:<Task(BashOperator): run_app_script> dag:<DAG: app_script_dag> dagrun:<DagRun app_script_dag @ 2025-11-09 18:00:00+00:00: scheduled__2025-11-09T18:00:00+00:00, state:running, queued_at: 2025-11-09 19:08:54.544861+00:00. externally triggered: False>
[2025-11-09T19:14:09.550+0000] {logging_mixin.py:190} INFO - Failure caused by Bash command failed. The command returned a non-zero exit code 1.
[2025-11-09T19:14:09.551+0000] {taskinstance.py:1225} INFO - Marking task as FAILED. dag_id=app_script_dag, task_id=run_app_script, run_id=scheduled__2025-11-09T18:00:00+00:00, execution_date=20251109T180000, start_date=20251109T191403, end_date=20251109T191409
[2025-11-09T19:14:09.578+0000] {taskinstance.py:340} INFO - ::group::Post task execution logs
[2025-11-09T19:14:09.579+0000] {standard_task_runner.py:124} ERROR - Failed to execute job 82 for task run_app_script (Bash command failed. The command returned a non-zero exit code 1.; 1244)
Traceback (most recent call last):
  File "/home/airflow/.local/lib/python3.12/site-packages/airflow/task/task_runner/standard_task_runner.py", line 117, in _start_by_fork
    ret = args.func(args, dag=self.dag)
          ^^^^^^^^^^^^^^^^^^^^^^^^^^^^^
  File "/home/airflow/.local/lib/python3.12/site-packages/airflow/cli/cli_config.py", line 49, in command
    return func(*args, **kwargs)
           ^^^^^^^^^^^^^^^^^^^^^
  File "/home/airflow/.local/lib/python3.12/site-packages/airflow/utils/cli.py", line 115, in wrapper
    return f(*args, **kwargs)
           ^^^^^^^^^^^^^^^^^^
  File "/home/airflow/.local/lib/python3.12/site-packages/airflow/cli/commands/task_command.py", line 483, in task_run
    task_return_code = _run_task_by_selected_method(args, _dag, ti)
                       ^^^^^^^^^^^^^^^^^^^^^^^^^^^^^^^^^^^^^^^^^^^^
  File "/home/airflow/.local/lib/python3.12/site-packages/airflow/cli/commands/task_command.py", line 256, in _run_task_by_selected_method
    return _run_raw_task(args, ti)
           ^^^^^^^^^^^^^^^^^^^^^^^
  File "/home/airflow/.local/lib/python3.12/site-packages/airflow/cli/commands/task_command.py", line 341, in _run_raw_task
    return ti._run_raw_task(
           ^^^^^^^^^^^^^^^^^
  File "/home/airflow/.local/lib/python3.12/site-packages/airflow/utils/session.py", line 97, in wrapper
    return func(*args, session=session, **kwargs)
           ^^^^^^^^^^^^^^^^^^^^^^^^^^^^^^^^^^^^^^
  File "/home/airflow/.local/lib/python3.12/site-packages/airflow/models/taskinstance.py", line 2995, in _run_raw_task
    return _run_raw_task(
           ^^^^^^^^^^^^^^
  File "/home/airflow/.local/lib/python3.12/site-packages/airflow/models/taskinstance.py", line 273, in _run_raw_task
    TaskInstance._execute_task_with_callbacks(
  File "/home/airflow/.local/lib/python3.12/site-packages/airflow/models/taskinstance.py", line 3149, in _execute_task_with_callbacks
    result = self._execute_task(context, task_orig)
             ^^^^^^^^^^^^^^^^^^^^^^^^^^^^^^^^^^^^^^
  File "/home/airflow/.local/lib/python3.12/site-packages/airflow/models/taskinstance.py", line 3173, in _execute_task
    return _execute_task(self, context, task_orig)
           ^^^^^^^^^^^^^^^^^^^^^^^^^^^^^^^^^^^^^^^
  File "/home/airflow/.local/lib/python3.12/site-packages/airflow/models/taskinstance.py", line 767, in _execute_task
    result = _execute_callable(context=context, **execute_callable_kwargs)
             ^^^^^^^^^^^^^^^^^^^^^^^^^^^^^^^^^^^^^^^^^^^^^^^^^^^^^^^^^^^^^
  File "/home/airflow/.local/lib/python3.12/site-packages/airflow/models/taskinstance.py", line 733, in _execute_callable
    return ExecutionCallableRunner(
           ^^^^^^^^^^^^^^^^^^^^^^^^
  File "/home/airflow/.local/lib/python3.12/site-packages/airflow/utils/operator_helpers.py", line 252, in run
    return self.func(*args, **kwargs)
           ^^^^^^^^^^^^^^^^^^^^^^^^^^
  File "/home/airflow/.local/lib/python3.12/site-packages/airflow/models/baseoperator.py", line 406, in wrapper
    return func(self, *args, **kwargs)
           ^^^^^^^^^^^^^^^^^^^^^^^^^^^
  File "/home/airflow/.local/lib/python3.12/site-packages/airflow/operators/bash.py", line 249, in execute
    raise AirflowException(
airflow.exceptions.AirflowException: Bash command failed. The command returned a non-zero exit code 1.
[2025-11-09T19:14:09.636+0000] {local_task_job_runner.py:261} INFO - Task exited with return code 1
[2025-11-09T19:14:09.655+0000] {taskinstance.py:3891} INFO - 0 downstream tasks scheduled from follow-on schedule check
[2025-11-09T19:14:09.659+0000] {local_task_job_runner.py:240} INFO - ::endgroup::
