[2025-11-09T15:40:19.628+0000] {local_task_job_runner.py:123} INFO - ::group::Pre task execution logs
[2025-11-09T15:40:19.657+0000] {taskinstance.py:2603} INFO - Dependencies all met for dep_context=non-requeueable deps ti=<TaskInstance: app_script_dag.run_app_script manual__2025-11-09T15:35:03.435059+00:00 [queued]>
[2025-11-09T15:40:19.670+0000] {taskinstance.py:2603} INFO - Dependencies all met for dep_context=requeueable deps ti=<TaskInstance: app_script_dag.run_app_script manual__2025-11-09T15:35:03.435059+00:00 [queued]>
[2025-11-09T15:40:19.671+0000] {taskinstance.py:2856} INFO - Starting attempt 2 of 2
[2025-11-09T15:40:19.689+0000] {taskinstance.py:2879} INFO - Executing <Task(BashOperator): run_app_script> on 2025-11-09 15:35:03.435059+00:00
[2025-11-09T15:40:19.701+0000] {warnings.py:112} WARNING - /home/***/.local/lib/python3.12/site-packages/***/task/task_runner/standard_task_runner.py:70: DeprecationWarning: This process (pid=148) is multi-threaded, use of fork() may lead to deadlocks in the child.
  pid = os.fork()

[2025-11-09T15:40:19.704+0000] {standard_task_runner.py:72} INFO - Started process 150 to run task
[2025-11-09T15:40:19.705+0000] {standard_task_runner.py:104} INFO - Running: ['***', 'tasks', 'run', 'app_script_dag', 'run_app_script', 'manual__2025-11-09T15:35:03.435059+00:00', '--job-id', '20', '--raw', '--subdir', 'DAGS_FOLDER/app_dag.py', '--cfg-path', '/tmp/tmpcsyq4n24']
[2025-11-09T15:40:19.707+0000] {standard_task_runner.py:105} INFO - Job 20: Subtask run_app_script
[2025-11-09T15:40:19.850+0000] {task_command.py:467} INFO - Running <TaskInstance: app_script_dag.run_app_script manual__2025-11-09T15:35:03.435059+00:00 [running]> on host ea6b54665731
[2025-11-09T15:40:20.202+0000] {taskinstance.py:3122} INFO - Exporting env vars: AIRFLOW_CTX_DAG_OWNER='***' AIRFLOW_CTX_DAG_ID='app_script_dag' AIRFLOW_CTX_TASK_ID='run_app_script' AIRFLOW_CTX_EXECUTION_DATE='2025-11-09T15:35:03.435059+00:00' AIRFLOW_CTX_TRY_NUMBER='2' AIRFLOW_CTX_DAG_RUN_ID='manual__2025-11-09T15:35:03.435059+00:00'
[2025-11-09T15:40:20.212+0000] {logging_mixin.py:190} INFO - Task instance is in running state
[2025-11-09T15:40:20.213+0000] {logging_mixin.py:190} INFO -  Previous state of the Task instance: queued
[2025-11-09T15:40:20.214+0000] {logging_mixin.py:190} INFO - Current task name:run_app_script state:running start_date:2025-11-09 15:40:19.658921+00:00
[2025-11-09T15:40:20.215+0000] {logging_mixin.py:190} INFO - Dag name:app_script_dag and current dag run status:running
[2025-11-09T15:40:20.217+0000] {taskinstance.py:731} INFO - ::endgroup::
[2025-11-09T15:40:20.224+0000] {subprocess.py:63} INFO - Tmp dir root location: /tmp
[2025-11-09T15:40:20.228+0000] {subprocess.py:75} INFO - Running command: ['/usr/bin/bash', '-c', 'python3 /opt/***/src/app.py']
[2025-11-09T15:40:20.254+0000] {subprocess.py:86} INFO - Output:
[2025-11-09T15:40:22.211+0000] {subprocess.py:93} INFO - Traceback (most recent call last):
[2025-11-09T15:40:22.212+0000] {subprocess.py:93} INFO -   File "/opt/***/src/app.py", line 1, in <module>
[2025-11-09T15:40:22.215+0000] {subprocess.py:93} INFO -     import getItems
[2025-11-09T15:40:22.216+0000] {subprocess.py:93} INFO -   File "/opt/***/src/getItems.py", line 1, in <module>
[2025-11-09T15:40:22.220+0000] {subprocess.py:93} INFO -     import functions
[2025-11-09T15:40:22.220+0000] {subprocess.py:93} INFO -   File "/opt/***/src/functions.py", line 8, in <module>
[2025-11-09T15:40:22.223+0000] {subprocess.py:93} INFO -     from langdetect import detect, LangDetectException
[2025-11-09T15:40:22.224+0000] {subprocess.py:93} INFO - ModuleNotFoundError: No module named 'langdetect'
[2025-11-09T15:40:22.304+0000] {subprocess.py:97} INFO - Command exited with return code 1
[2025-11-09T15:40:22.323+0000] {taskinstance.py:3301} ERROR - Task failed with exception
Traceback (most recent call last):
  File "/home/airflow/.local/lib/python3.12/site-packages/airflow/models/taskinstance.py", line 767, in _execute_task
    result = _execute_callable(context=context, **execute_callable_kwargs)
             ^^^^^^^^^^^^^^^^^^^^^^^^^^^^^^^^^^^^^^^^^^^^^^^^^^^^^^^^^^^^^
  File "/home/airflow/.local/lib/python3.12/site-packages/airflow/models/taskinstance.py", line 733, in _execute_callable
    return ExecutionCallableRunner(
           ^^^^^^^^^^^^^^^^^^^^^^^^
  File "/home/airflow/.local/lib/python3.12/site-packages/airflow/utils/operator_helpers.py", line 252, in run
    return self.func(*args, **kwargs)
           ^^^^^^^^^^^^^^^^^^^^^^^^^^
  File "/home/airflow/.local/lib/python3.12/site-packages/airflow/models/baseoperator.py", line 406, in wrapper
    return func(self, *args, **kwargs)
           ^^^^^^^^^^^^^^^^^^^^^^^^^^^
  File "/home/airflow/.local/lib/python3.12/site-packages/airflow/operators/bash.py", line 249, in execute
    raise AirflowException(
airflow.exceptions.AirflowException: Bash command failed. The command returned a non-zero exit code 1.
[2025-11-09T15:40:22.331+0000] {logging_mixin.py:190} INFO - Task instance in failure state
[2025-11-09T15:40:22.333+0000] {logging_mixin.py:190} INFO - Task start:2025-11-09 15:40:19.658921+00:00 end:2025-11-09 15:40:22.330831+00:00 duration:2.67191
[2025-11-09T15:40:22.333+0000] {logging_mixin.py:190} INFO - Task:<Task(BashOperator): run_app_script> dag:<DAG: app_script_dag> dagrun:<DagRun app_script_dag @ 2025-11-09 15:35:03.435059+00:00: manual__2025-11-09T15:35:03.435059+00:00, state:running, queued_at: 2025-11-09 15:35:03.560870+00:00. externally triggered: True>
[2025-11-09T15:40:22.334+0000] {logging_mixin.py:190} INFO - Failure caused by Bash command failed. The command returned a non-zero exit code 1.
[2025-11-09T15:40:22.335+0000] {taskinstance.py:1225} INFO - Marking task as FAILED. dag_id=app_script_dag, task_id=run_app_script, run_id=manual__2025-11-09T15:35:03.435059+00:00, execution_date=20251109T153503, start_date=20251109T154019, end_date=20251109T154022
[2025-11-09T15:40:22.361+0000] {taskinstance.py:340} INFO - ::group::Post task execution logs
[2025-11-09T15:40:22.364+0000] {standard_task_runner.py:124} ERROR - Failed to execute job 20 for task run_app_script (Bash command failed. The command returned a non-zero exit code 1.; 150)
Traceback (most recent call last):
  File "/home/airflow/.local/lib/python3.12/site-packages/airflow/task/task_runner/standard_task_runner.py", line 117, in _start_by_fork
    ret = args.func(args, dag=self.dag)
          ^^^^^^^^^^^^^^^^^^^^^^^^^^^^^
  File "/home/airflow/.local/lib/python3.12/site-packages/airflow/cli/cli_config.py", line 49, in command
    return func(*args, **kwargs)
           ^^^^^^^^^^^^^^^^^^^^^
  File "/home/airflow/.local/lib/python3.12/site-packages/airflow/utils/cli.py", line 115, in wrapper
    return f(*args, **kwargs)
           ^^^^^^^^^^^^^^^^^^
  File "/home/airflow/.local/lib/python3.12/site-packages/airflow/cli/commands/task_command.py", line 483, in task_run
    task_return_code = _run_task_by_selected_method(args, _dag, ti)
                       ^^^^^^^^^^^^^^^^^^^^^^^^^^^^^^^^^^^^^^^^^^^^
  File "/home/airflow/.local/lib/python3.12/site-packages/airflow/cli/commands/task_command.py", line 256, in _run_task_by_selected_method
    return _run_raw_task(args, ti)
           ^^^^^^^^^^^^^^^^^^^^^^^
  File "/home/airflow/.local/lib/python3.12/site-packages/airflow/cli/commands/task_command.py", line 341, in _run_raw_task
    return ti._run_raw_task(
           ^^^^^^^^^^^^^^^^^
  File "/home/airflow/.local/lib/python3.12/site-packages/airflow/utils/session.py", line 97, in wrapper
    return func(*args, session=session, **kwargs)
           ^^^^^^^^^^^^^^^^^^^^^^^^^^^^^^^^^^^^^^
  File "/home/airflow/.local/lib/python3.12/site-packages/airflow/models/taskinstance.py", line 2995, in _run_raw_task
    return _run_raw_task(
           ^^^^^^^^^^^^^^
  File "/home/airflow/.local/lib/python3.12/site-packages/airflow/models/taskinstance.py", line 273, in _run_raw_task
    TaskInstance._execute_task_with_callbacks(
  File "/home/airflow/.local/lib/python3.12/site-packages/airflow/models/taskinstance.py", line 3149, in _execute_task_with_callbacks
    result = self._execute_task(context, task_orig)
             ^^^^^^^^^^^^^^^^^^^^^^^^^^^^^^^^^^^^^^
  File "/home/airflow/.local/lib/python3.12/site-packages/airflow/models/taskinstance.py", line 3173, in _execute_task
    return _execute_task(self, context, task_orig)
           ^^^^^^^^^^^^^^^^^^^^^^^^^^^^^^^^^^^^^^^
  File "/home/airflow/.local/lib/python3.12/site-packages/airflow/models/taskinstance.py", line 767, in _execute_task
    result = _execute_callable(context=context, **execute_callable_kwargs)
             ^^^^^^^^^^^^^^^^^^^^^^^^^^^^^^^^^^^^^^^^^^^^^^^^^^^^^^^^^^^^^
  File "/home/airflow/.local/lib/python3.12/site-packages/airflow/models/taskinstance.py", line 733, in _execute_callable
    return ExecutionCallableRunner(
           ^^^^^^^^^^^^^^^^^^^^^^^^
  File "/home/airflow/.local/lib/python3.12/site-packages/airflow/utils/operator_helpers.py", line 252, in run
    return self.func(*args, **kwargs)
           ^^^^^^^^^^^^^^^^^^^^^^^^^^
  File "/home/airflow/.local/lib/python3.12/site-packages/airflow/models/baseoperator.py", line 406, in wrapper
    return func(self, *args, **kwargs)
           ^^^^^^^^^^^^^^^^^^^^^^^^^^^
  File "/home/airflow/.local/lib/python3.12/site-packages/airflow/operators/bash.py", line 249, in execute
    raise AirflowException(
airflow.exceptions.AirflowException: Bash command failed. The command returned a non-zero exit code 1.
[2025-11-09T15:40:22.432+0000] {local_task_job_runner.py:261} INFO - Task exited with return code 1
[2025-11-09T15:40:22.452+0000] {taskinstance.py:3891} INFO - 0 downstream tasks scheduled from follow-on schedule check
[2025-11-09T15:40:22.455+0000] {local_task_job_runner.py:240} INFO - ::endgroup::
