[2025-11-09T15:56:15.430+0000] {local_task_job_runner.py:123} INFO - ::group::Pre task execution logs
[2025-11-09T15:56:15.461+0000] {taskinstance.py:2603} INFO - Dependencies all met for dep_context=non-requeueable deps ti=<TaskInstance: app_script_dag.run_app_script manual__2025-11-09T15:47:27.844154+00:00 [queued]>
[2025-11-09T15:56:15.471+0000] {taskinstance.py:2603} INFO - Dependencies all met for dep_context=requeueable deps ti=<TaskInstance: app_script_dag.run_app_script manual__2025-11-09T15:47:27.844154+00:00 [queued]>
[2025-11-09T15:56:15.473+0000] {taskinstance.py:2856} INFO - Starting attempt 2 of 2
[2025-11-09T15:56:15.494+0000] {taskinstance.py:2879} INFO - Executing <Task(BashOperator): run_app_script> on 2025-11-09 15:47:27.844154+00:00
[2025-11-09T15:56:15.507+0000] {warnings.py:112} WARNING - /home/***/.local/lib/python3.12/site-packages/***/task/task_runner/standard_task_runner.py:70: DeprecationWarning: This process (pid=131) is multi-threaded, use of fork() may lead to deadlocks in the child.
  pid = os.fork()

[2025-11-09T15:56:15.510+0000] {standard_task_runner.py:72} INFO - Started process 133 to run task
[2025-11-09T15:56:15.508+0000] {standard_task_runner.py:104} INFO - Running: ['***', 'tasks', 'run', 'app_script_dag', 'run_app_script', 'manual__2025-11-09T15:47:27.844154+00:00', '--job-id', '57', '--raw', '--subdir', 'DAGS_FOLDER/app_dag.py', '--cfg-path', '/tmp/tmp04kz57c_']
[2025-11-09T15:56:15.511+0000] {standard_task_runner.py:105} INFO - Job 57: Subtask run_app_script
[2025-11-09T15:56:15.824+0000] {task_command.py:467} INFO - Running <TaskInstance: app_script_dag.run_app_script manual__2025-11-09T15:47:27.844154+00:00 [running]> on host ed59d9fa13a9
[2025-11-09T15:56:16.119+0000] {taskinstance.py:3122} INFO - Exporting env vars: AIRFLOW_CTX_DAG_OWNER='***' AIRFLOW_CTX_DAG_ID='app_script_dag' AIRFLOW_CTX_TASK_ID='run_app_script' AIRFLOW_CTX_EXECUTION_DATE='2025-11-09T15:47:27.844154+00:00' AIRFLOW_CTX_TRY_NUMBER='2' AIRFLOW_CTX_DAG_RUN_ID='manual__2025-11-09T15:47:27.844154+00:00'
[2025-11-09T15:56:16.126+0000] {logging_mixin.py:190} INFO - Task instance is in running state
[2025-11-09T15:56:16.127+0000] {logging_mixin.py:190} INFO -  Previous state of the Task instance: queued
[2025-11-09T15:56:16.128+0000] {logging_mixin.py:190} INFO - Current task name:run_app_script state:running start_date:2025-11-09 15:56:15.462151+00:00
[2025-11-09T15:56:16.129+0000] {logging_mixin.py:190} INFO - Dag name:app_script_dag and current dag run status:running
[2025-11-09T15:56:16.129+0000] {taskinstance.py:731} INFO - ::endgroup::
[2025-11-09T15:56:16.131+0000] {subprocess.py:63} INFO - Tmp dir root location: /tmp
[2025-11-09T15:56:16.134+0000] {subprocess.py:75} INFO - Running command: ['/usr/bin/bash', '-c', 'python3 /opt/***/src/app.py']
[2025-11-09T15:56:16.177+0000] {subprocess.py:86} INFO - Output:
[2025-11-09T15:56:18.074+0000] {subprocess.py:93} INFO - 
[2025-11-09T15:56:18.076+0000] {subprocess.py:93} INFO - === Traitement catégorie : feed_trending ===
[2025-11-09T15:56:18.077+0000] {subprocess.py:93} INFO - Aucun token trouvé — création d’un nouveau...
[2025-11-09T15:56:18.078+0000] {subprocess.py:93} INFO - Traceback (most recent call last):
[2025-11-09T15:56:18.079+0000] {subprocess.py:93} INFO -   File "/opt/***/src/app.py", line 1, in <module>
[2025-11-09T15:56:18.080+0000] {subprocess.py:93} INFO -     import getItems
[2025-11-09T15:56:18.082+0000] {subprocess.py:93} INFO -   File "/opt/***/src/getItems.py", line 105, in <module>
[2025-11-09T15:56:18.086+0000] {subprocess.py:93} INFO -     get_search_post(q, limit=50)
[2025-11-09T15:56:18.087+0000] {subprocess.py:93} INFO -   File "/opt/***/src/getItems.py", line 99, in get_search_post
[2025-11-09T15:56:18.090+0000] {subprocess.py:93} INFO -     fetch_and_store_items('app.bsky.feed.searchPosts', params, f"search_{query.replace(' ', '_')}")
[2025-11-09T15:56:18.091+0000] {subprocess.py:93} INFO -   File "/opt/***/src/getItems.py", line 11, in fetch_and_store_items
[2025-11-09T15:56:18.104+0000] {subprocess.py:93} INFO -     token = functions.load_token(functions.LOGIN, functions.PASS)
[2025-11-09T15:56:18.108+0000] {subprocess.py:93} INFO -             ^^^^^^^^^^^^^^^^^^^^^^^^^^^^^^^^^^^^^^^^^^^^^^^^^^^^^
[2025-11-09T15:56:18.111+0000] {subprocess.py:93} INFO -   File "/opt/***/src/functions.py", line 88, in load_token
[2025-11-09T15:56:18.114+0000] {subprocess.py:93} INFO -     raise FileNotFoundError("Le fichier token.json est introuvable et aucun identifiant fourni.")
[2025-11-09T15:56:18.116+0000] {subprocess.py:93} INFO - FileNotFoundError: Le fichier token.json est introuvable et aucun identifiant fourni.
[2025-11-09T15:56:18.767+0000] {subprocess.py:97} INFO - Command exited with return code 1
[2025-11-09T15:56:18.798+0000] {taskinstance.py:3301} ERROR - Task failed with exception
Traceback (most recent call last):
  File "/home/airflow/.local/lib/python3.12/site-packages/airflow/models/taskinstance.py", line 767, in _execute_task
    result = _execute_callable(context=context, **execute_callable_kwargs)
             ^^^^^^^^^^^^^^^^^^^^^^^^^^^^^^^^^^^^^^^^^^^^^^^^^^^^^^^^^^^^^
  File "/home/airflow/.local/lib/python3.12/site-packages/airflow/models/taskinstance.py", line 733, in _execute_callable
    return ExecutionCallableRunner(
           ^^^^^^^^^^^^^^^^^^^^^^^^
  File "/home/airflow/.local/lib/python3.12/site-packages/airflow/utils/operator_helpers.py", line 252, in run
    return self.func(*args, **kwargs)
           ^^^^^^^^^^^^^^^^^^^^^^^^^^
  File "/home/airflow/.local/lib/python3.12/site-packages/airflow/models/baseoperator.py", line 406, in wrapper
    return func(self, *args, **kwargs)
           ^^^^^^^^^^^^^^^^^^^^^^^^^^^
  File "/home/airflow/.local/lib/python3.12/site-packages/airflow/operators/bash.py", line 249, in execute
    raise AirflowException(
airflow.exceptions.AirflowException: Bash command failed. The command returned a non-zero exit code 1.
[2025-11-09T15:56:18.832+0000] {logging_mixin.py:190} INFO - Task instance in failure state
[2025-11-09T15:56:18.834+0000] {logging_mixin.py:190} INFO - Task start:2025-11-09 15:56:15.462151+00:00 end:2025-11-09 15:56:18.828676+00:00 duration:3.366525
[2025-11-09T15:56:18.836+0000] {logging_mixin.py:190} INFO - Task:<Task(BashOperator): run_app_script> dag:<DAG: app_script_dag> dagrun:<DagRun app_script_dag @ 2025-11-09 15:47:27.844154+00:00: manual__2025-11-09T15:47:27.844154+00:00, state:running, queued_at: 2025-11-09 15:47:27.892767+00:00. externally triggered: True>
[2025-11-09T15:56:18.838+0000] {logging_mixin.py:190} INFO - Failure caused by Bash command failed. The command returned a non-zero exit code 1.
[2025-11-09T15:56:18.839+0000] {taskinstance.py:1225} INFO - Marking task as FAILED. dag_id=app_script_dag, task_id=run_app_script, run_id=manual__2025-11-09T15:47:27.844154+00:00, execution_date=20251109T154727, start_date=20251109T155615, end_date=20251109T155618
[2025-11-09T15:56:18.883+0000] {taskinstance.py:340} INFO - ::group::Post task execution logs
[2025-11-09T15:56:18.884+0000] {standard_task_runner.py:124} ERROR - Failed to execute job 57 for task run_app_script (Bash command failed. The command returned a non-zero exit code 1.; 133)
Traceback (most recent call last):
  File "/home/airflow/.local/lib/python3.12/site-packages/airflow/task/task_runner/standard_task_runner.py", line 117, in _start_by_fork
    ret = args.func(args, dag=self.dag)
          ^^^^^^^^^^^^^^^^^^^^^^^^^^^^^
  File "/home/airflow/.local/lib/python3.12/site-packages/airflow/cli/cli_config.py", line 49, in command
    return func(*args, **kwargs)
           ^^^^^^^^^^^^^^^^^^^^^
  File "/home/airflow/.local/lib/python3.12/site-packages/airflow/utils/cli.py", line 115, in wrapper
    return f(*args, **kwargs)
           ^^^^^^^^^^^^^^^^^^
  File "/home/airflow/.local/lib/python3.12/site-packages/airflow/cli/commands/task_command.py", line 483, in task_run
    task_return_code = _run_task_by_selected_method(args, _dag, ti)
                       ^^^^^^^^^^^^^^^^^^^^^^^^^^^^^^^^^^^^^^^^^^^^
  File "/home/airflow/.local/lib/python3.12/site-packages/airflow/cli/commands/task_command.py", line 256, in _run_task_by_selected_method
    return _run_raw_task(args, ti)
           ^^^^^^^^^^^^^^^^^^^^^^^
  File "/home/airflow/.local/lib/python3.12/site-packages/airflow/cli/commands/task_command.py", line 341, in _run_raw_task
    return ti._run_raw_task(
           ^^^^^^^^^^^^^^^^^
  File "/home/airflow/.local/lib/python3.12/site-packages/airflow/utils/session.py", line 97, in wrapper
    return func(*args, session=session, **kwargs)
           ^^^^^^^^^^^^^^^^^^^^^^^^^^^^^^^^^^^^^^
  File "/home/airflow/.local/lib/python3.12/site-packages/airflow/models/taskinstance.py", line 2995, in _run_raw_task
    return _run_raw_task(
           ^^^^^^^^^^^^^^
  File "/home/airflow/.local/lib/python3.12/site-packages/airflow/models/taskinstance.py", line 273, in _run_raw_task
    TaskInstance._execute_task_with_callbacks(
  File "/home/airflow/.local/lib/python3.12/site-packages/airflow/models/taskinstance.py", line 3149, in _execute_task_with_callbacks
    result = self._execute_task(context, task_orig)
             ^^^^^^^^^^^^^^^^^^^^^^^^^^^^^^^^^^^^^^
  File "/home/airflow/.local/lib/python3.12/site-packages/airflow/models/taskinstance.py", line 3173, in _execute_task
    return _execute_task(self, context, task_orig)
           ^^^^^^^^^^^^^^^^^^^^^^^^^^^^^^^^^^^^^^^
  File "/home/airflow/.local/lib/python3.12/site-packages/airflow/models/taskinstance.py", line 767, in _execute_task
    result = _execute_callable(context=context, **execute_callable_kwargs)
             ^^^^^^^^^^^^^^^^^^^^^^^^^^^^^^^^^^^^^^^^^^^^^^^^^^^^^^^^^^^^^
  File "/home/airflow/.local/lib/python3.12/site-packages/airflow/models/taskinstance.py", line 733, in _execute_callable
    return ExecutionCallableRunner(
           ^^^^^^^^^^^^^^^^^^^^^^^^
  File "/home/airflow/.local/lib/python3.12/site-packages/airflow/utils/operator_helpers.py", line 252, in run
    return self.func(*args, **kwargs)
           ^^^^^^^^^^^^^^^^^^^^^^^^^^
  File "/home/airflow/.local/lib/python3.12/site-packages/airflow/models/baseoperator.py", line 406, in wrapper
    return func(self, *args, **kwargs)
           ^^^^^^^^^^^^^^^^^^^^^^^^^^^
  File "/home/airflow/.local/lib/python3.12/site-packages/airflow/operators/bash.py", line 249, in execute
    raise AirflowException(
airflow.exceptions.AirflowException: Bash command failed. The command returned a non-zero exit code 1.
[2025-11-09T15:56:18.952+0000] {local_task_job_runner.py:261} INFO - Task exited with return code 1
[2025-11-09T15:56:18.971+0000] {taskinstance.py:3891} INFO - 0 downstream tasks scheduled from follow-on schedule check
[2025-11-09T15:56:18.974+0000] {local_task_job_runner.py:240} INFO - ::endgroup::
