[2025-11-09T20:00:02.590+0000] {local_task_job_runner.py:123} INFO - ::group::Pre task execution logs
[2025-11-09T20:00:02.610+0000] {taskinstance.py:2603} INFO - Dependencies all met for dep_context=non-requeueable deps ti=<TaskInstance: app_script_dag.run_app_script scheduled__2025-11-09T19:00:00+00:00 [queued]>
[2025-11-09T20:00:02.620+0000] {taskinstance.py:2603} INFO - Dependencies all met for dep_context=requeueable deps ti=<TaskInstance: app_script_dag.run_app_script scheduled__2025-11-09T19:00:00+00:00 [queued]>
[2025-11-09T20:00:02.620+0000] {taskinstance.py:2856} INFO - Starting attempt 1 of 2
[2025-11-09T20:00:02.635+0000] {taskinstance.py:2879} INFO - Executing <Task(BashOperator): run_app_script> on 2025-11-09 19:00:00+00:00
[2025-11-09T20:00:02.644+0000] {warnings.py:112} WARNING - /home/***/.local/lib/python3.12/site-packages/***/task/task_runner/standard_task_runner.py:70: DeprecationWarning: This process (pid=1828) is multi-threaded, use of fork() may lead to deadlocks in the child.
  pid = os.fork()

[2025-11-09T20:00:02.646+0000] {standard_task_runner.py:72} INFO - Started process 1830 to run task
[2025-11-09T20:00:02.646+0000] {standard_task_runner.py:104} INFO - Running: ['***', 'tasks', 'run', 'app_script_dag', 'run_app_script', 'scheduled__2025-11-09T19:00:00+00:00', '--job-id', '83', '--raw', '--subdir', 'DAGS_FOLDER/app_dag.py', '--cfg-path', '/tmp/tmpd7qzcmou']
[2025-11-09T20:00:02.648+0000] {standard_task_runner.py:105} INFO - Job 83: Subtask run_app_script
[2025-11-09T20:00:02.740+0000] {task_command.py:467} INFO - Running <TaskInstance: app_script_dag.run_app_script scheduled__2025-11-09T19:00:00+00:00 [running]> on host 66886aa8ec0d
[2025-11-09T20:00:02.834+0000] {taskinstance.py:3122} INFO - Exporting env vars: AIRFLOW_CTX_DAG_OWNER='***' AIRFLOW_CTX_DAG_ID='app_script_dag' AIRFLOW_CTX_TASK_ID='run_app_script' AIRFLOW_CTX_EXECUTION_DATE='2025-11-09T19:00:00+00:00' AIRFLOW_CTX_TRY_NUMBER='1' AIRFLOW_CTX_DAG_RUN_ID='scheduled__2025-11-09T19:00:00+00:00'
[2025-11-09T20:00:02.838+0000] {logging_mixin.py:190} INFO - Task instance is in running state
[2025-11-09T20:00:02.839+0000] {logging_mixin.py:190} INFO -  Previous state of the Task instance: queued
[2025-11-09T20:00:02.844+0000] {logging_mixin.py:190} INFO - Current task name:run_app_script state:running start_date:2025-11-09 20:00:02.611339+00:00
[2025-11-09T20:00:02.845+0000] {logging_mixin.py:190} INFO - Dag name:app_script_dag and current dag run status:running
[2025-11-09T20:00:02.846+0000] {taskinstance.py:731} INFO - ::endgroup::
[2025-11-09T20:00:02.847+0000] {subprocess.py:63} INFO - Tmp dir root location: /tmp
[2025-11-09T20:00:02.849+0000] {subprocess.py:75} INFO - Running command: ['/usr/bin/bash', '-c', 'python3 /opt/***/src/app.py']
[2025-11-09T20:00:02.868+0000] {subprocess.py:86} INFO - Output:
[2025-11-09T20:00:07.645+0000] {subprocess.py:93} INFO - 
[2025-11-09T20:00:07.648+0000] {subprocess.py:93} INFO - === Traitement catégorie : feed_trending ===
[2025-11-09T20:00:07.651+0000] {subprocess.py:93} INFO - Erreur API (app.bsky.feed.searchPosts) : 400 {"error":"ExpiredToken","message":"Token has expired"}
[2025-11-09T20:00:07.653+0000] {subprocess.py:93} INFO - Fin du flux search_breaking — 0 insérés, 0 mis à jour, 0 lus.
[2025-11-09T20:00:07.656+0000] {subprocess.py:93} INFO - Erreur API (app.bsky.feed.searchPosts) : 400 {"error":"ExpiredToken","message":"Token has expired"}
[2025-11-09T20:00:07.660+0000] {subprocess.py:93} INFO - Fin du flux search_urgent — 0 insérés, 0 mis à jour, 0 lus.
[2025-11-09T20:00:07.662+0000] {subprocess.py:93} INFO - Erreur API (app.bsky.feed.searchPosts) : 400 {"error":"ExpiredToken","message":"Token has expired"}
[2025-11-09T20:00:07.665+0000] {subprocess.py:93} INFO - Fin du flux search_live — 0 insérés, 0 mis à jour, 0 lus.
[2025-11-09T20:00:07.668+0000] {subprocess.py:93} INFO - 
[2025-11-09T20:00:07.670+0000] {subprocess.py:93} INFO - === Traitement catégorie : feed_hot_topics ===
[2025-11-09T20:00:07.672+0000] {subprocess.py:93} INFO - Erreur API (app.bsky.feed.searchPosts) : 400 {"error":"ExpiredToken","message":"Token has expired"}
[2025-11-09T20:00:07.674+0000] {subprocess.py:93} INFO - Fin du flux search_politics — 0 insérés, 0 mis à jour, 0 lus.
[2025-11-09T20:00:07.676+0000] {subprocess.py:93} INFO - Erreur API (app.bsky.feed.searchPosts) : 400 {"error":"ExpiredToken","message":"Token has expired"}
[2025-11-09T20:00:07.677+0000] {subprocess.py:93} INFO - Fin du flux search_election — 0 insérés, 0 mis à jour, 0 lus.
[2025-11-09T20:00:07.679+0000] {subprocess.py:93} INFO - Erreur API (app.bsky.feed.searchPosts) : 400 {"error":"ExpiredToken","message":"Token has expired"}
[2025-11-09T20:00:07.682+0000] {subprocess.py:93} INFO - Fin du flux search_covid — 0 insérés, 0 mis à jour, 0 lus.
[2025-11-09T20:00:07.684+0000] {subprocess.py:93} INFO - Erreur API (app.bsky.feed.searchPosts) : 400 {"error":"ExpiredToken","message":"Token has expired"}
[2025-11-09T20:00:07.685+0000] {subprocess.py:93} INFO - Fin du flux search_crisis — 0 insérés, 0 mis à jour, 0 lus.
[2025-11-09T20:00:07.686+0000] {subprocess.py:93} INFO - 
[2025-11-09T20:00:07.688+0000] {subprocess.py:93} INFO - === Traitement catégorie : feed_discover ===
[2025-11-09T20:00:07.689+0000] {subprocess.py:93} INFO - Erreur API (app.bsky.feed.searchPosts) : 400 {"error":"ExpiredToken","message":"Token has expired"}
[2025-11-09T20:00:07.691+0000] {subprocess.py:93} INFO - Fin du flux search_news — 0 insérés, 0 mis à jour, 0 lus.
[2025-11-09T20:00:07.692+0000] {subprocess.py:93} INFO - Erreur API (app.bsky.feed.searchPosts) : 400 {"error":"ExpiredToken","message":"Token has expired"}
[2025-11-09T20:00:07.693+0000] {subprocess.py:93} INFO - Fin du flux search_world — 0 insérés, 0 mis à jour, 0 lus.
[2025-11-09T20:00:07.695+0000] {subprocess.py:93} INFO - Erreur API (app.bsky.feed.searchPosts) : 400 {"error":"ExpiredToken","message":"Token has expired"}
[2025-11-09T20:00:07.696+0000] {subprocess.py:93} INFO - Fin du flux search_science — 0 insérés, 0 mis à jour, 0 lus.
[2025-11-09T20:00:07.698+0000] {subprocess.py:93} INFO - Erreur API (app.bsky.feed.searchPosts) : 400 {"error":"ExpiredToken","message":"Token has expired"}
[2025-11-09T20:00:07.699+0000] {subprocess.py:93} INFO - Fin du flux search_tech — 0 insérés, 0 mis à jour, 0 lus.
[2025-11-09T20:00:07.700+0000] {subprocess.py:93} INFO - Traceback (most recent call last):
[2025-11-09T20:00:07.701+0000] {subprocess.py:93} INFO -   File "/opt/***/src/app.py", line 19, in <module>
[2025-11-09T20:00:07.702+0000] {subprocess.py:93} INFO -     get_author_feed(getItems.functions.TARGET[i]['handle'])
[2025-11-09T20:00:07.703+0000] {subprocess.py:93} INFO -   File "/opt/***/src/app.py", line 5, in get_author_feed
[2025-11-09T20:00:07.704+0000] {subprocess.py:93} INFO -     getItems.fetch_and_store_feed("app.bsky.feed.getAuthorFeed", params, source_name="author_feed")
[2025-11-09T20:00:07.705+0000] {subprocess.py:93} INFO -     ^^^^^^^^^^^^^^^^^^^^^^^^^^^^^
[2025-11-09T20:00:07.706+0000] {subprocess.py:93} INFO - AttributeError: module 'getItems' has no attribute 'fetch_and_store_feed'. Did you mean: 'fetch_and_store_items'?
[2025-11-09T20:00:08.115+0000] {subprocess.py:97} INFO - Command exited with return code 1
[2025-11-09T20:00:08.137+0000] {taskinstance.py:3301} ERROR - Task failed with exception
Traceback (most recent call last):
  File "/home/airflow/.local/lib/python3.12/site-packages/airflow/models/taskinstance.py", line 767, in _execute_task
    result = _execute_callable(context=context, **execute_callable_kwargs)
             ^^^^^^^^^^^^^^^^^^^^^^^^^^^^^^^^^^^^^^^^^^^^^^^^^^^^^^^^^^^^^
  File "/home/airflow/.local/lib/python3.12/site-packages/airflow/models/taskinstance.py", line 733, in _execute_callable
    return ExecutionCallableRunner(
           ^^^^^^^^^^^^^^^^^^^^^^^^
  File "/home/airflow/.local/lib/python3.12/site-packages/airflow/utils/operator_helpers.py", line 252, in run
    return self.func(*args, **kwargs)
           ^^^^^^^^^^^^^^^^^^^^^^^^^^
  File "/home/airflow/.local/lib/python3.12/site-packages/airflow/models/baseoperator.py", line 406, in wrapper
    return func(self, *args, **kwargs)
           ^^^^^^^^^^^^^^^^^^^^^^^^^^^
  File "/home/airflow/.local/lib/python3.12/site-packages/airflow/operators/bash.py", line 249, in execute
    raise AirflowException(
airflow.exceptions.AirflowException: Bash command failed. The command returned a non-zero exit code 1.
[2025-11-09T20:00:08.153+0000] {logging_mixin.py:190} INFO - Task instance in failure state
[2025-11-09T20:00:08.154+0000] {logging_mixin.py:190} INFO - Task start:2025-11-09 20:00:02.611339+00:00 end:2025-11-09 20:00:08.152214+00:00 duration:5.540875
[2025-11-09T20:00:08.155+0000] {logging_mixin.py:190} INFO - Task:<Task(BashOperator): run_app_script> dag:<DAG: app_script_dag> dagrun:<DagRun app_script_dag @ 2025-11-09 19:00:00+00:00: scheduled__2025-11-09T19:00:00+00:00, state:running, queued_at: 2025-11-09 20:00:00.599802+00:00. externally triggered: False>
[2025-11-09T20:00:08.156+0000] {logging_mixin.py:190} INFO - Failure caused by Bash command failed. The command returned a non-zero exit code 1.
[2025-11-09T20:00:08.157+0000] {taskinstance.py:1225} INFO - Marking task as UP_FOR_RETRY. dag_id=app_script_dag, task_id=run_app_script, run_id=scheduled__2025-11-09T19:00:00+00:00, execution_date=20251109T190000, start_date=20251109T200002, end_date=20251109T200008
[2025-11-09T20:00:08.196+0000] {taskinstance.py:340} INFO - ::group::Post task execution logs
[2025-11-09T20:00:08.198+0000] {standard_task_runner.py:124} ERROR - Failed to execute job 83 for task run_app_script (Bash command failed. The command returned a non-zero exit code 1.; 1830)
Traceback (most recent call last):
  File "/home/airflow/.local/lib/python3.12/site-packages/airflow/task/task_runner/standard_task_runner.py", line 117, in _start_by_fork
    ret = args.func(args, dag=self.dag)
          ^^^^^^^^^^^^^^^^^^^^^^^^^^^^^
  File "/home/airflow/.local/lib/python3.12/site-packages/airflow/cli/cli_config.py", line 49, in command
    return func(*args, **kwargs)
           ^^^^^^^^^^^^^^^^^^^^^
  File "/home/airflow/.local/lib/python3.12/site-packages/airflow/utils/cli.py", line 115, in wrapper
    return f(*args, **kwargs)
           ^^^^^^^^^^^^^^^^^^
  File "/home/airflow/.local/lib/python3.12/site-packages/airflow/cli/commands/task_command.py", line 483, in task_run
    task_return_code = _run_task_by_selected_method(args, _dag, ti)
                       ^^^^^^^^^^^^^^^^^^^^^^^^^^^^^^^^^^^^^^^^^^^^
  File "/home/airflow/.local/lib/python3.12/site-packages/airflow/cli/commands/task_command.py", line 256, in _run_task_by_selected_method
    return _run_raw_task(args, ti)
           ^^^^^^^^^^^^^^^^^^^^^^^
  File "/home/airflow/.local/lib/python3.12/site-packages/airflow/cli/commands/task_command.py", line 341, in _run_raw_task
    return ti._run_raw_task(
           ^^^^^^^^^^^^^^^^^
  File "/home/airflow/.local/lib/python3.12/site-packages/airflow/utils/session.py", line 97, in wrapper
    return func(*args, session=session, **kwargs)
           ^^^^^^^^^^^^^^^^^^^^^^^^^^^^^^^^^^^^^^
  File "/home/airflow/.local/lib/python3.12/site-packages/airflow/models/taskinstance.py", line 2995, in _run_raw_task
    return _run_raw_task(
           ^^^^^^^^^^^^^^
  File "/home/airflow/.local/lib/python3.12/site-packages/airflow/models/taskinstance.py", line 273, in _run_raw_task
    TaskInstance._execute_task_with_callbacks(
  File "/home/airflow/.local/lib/python3.12/site-packages/airflow/models/taskinstance.py", line 3149, in _execute_task_with_callbacks
    result = self._execute_task(context, task_orig)
             ^^^^^^^^^^^^^^^^^^^^^^^^^^^^^^^^^^^^^^
  File "/home/airflow/.local/lib/python3.12/site-packages/airflow/models/taskinstance.py", line 3173, in _execute_task
    return _execute_task(self, context, task_orig)
           ^^^^^^^^^^^^^^^^^^^^^^^^^^^^^^^^^^^^^^^
  File "/home/airflow/.local/lib/python3.12/site-packages/airflow/models/taskinstance.py", line 767, in _execute_task
    result = _execute_callable(context=context, **execute_callable_kwargs)
             ^^^^^^^^^^^^^^^^^^^^^^^^^^^^^^^^^^^^^^^^^^^^^^^^^^^^^^^^^^^^^
  File "/home/airflow/.local/lib/python3.12/site-packages/airflow/models/taskinstance.py", line 733, in _execute_callable
    return ExecutionCallableRunner(
           ^^^^^^^^^^^^^^^^^^^^^^^^
  File "/home/airflow/.local/lib/python3.12/site-packages/airflow/utils/operator_helpers.py", line 252, in run
    return self.func(*args, **kwargs)
           ^^^^^^^^^^^^^^^^^^^^^^^^^^
  File "/home/airflow/.local/lib/python3.12/site-packages/airflow/models/baseoperator.py", line 406, in wrapper
    return func(self, *args, **kwargs)
           ^^^^^^^^^^^^^^^^^^^^^^^^^^^
  File "/home/airflow/.local/lib/python3.12/site-packages/airflow/operators/bash.py", line 249, in execute
    raise AirflowException(
airflow.exceptions.AirflowException: Bash command failed. The command returned a non-zero exit code 1.
[2025-11-09T20:00:08.221+0000] {local_task_job_runner.py:261} INFO - Task exited with return code 1
[2025-11-09T20:00:08.239+0000] {taskinstance.py:3891} INFO - 0 downstream tasks scheduled from follow-on schedule check
[2025-11-09T20:00:08.242+0000] {local_task_job_runner.py:240} INFO - ::endgroup::
