[2025-11-09T15:16:09.876+0000] {local_task_job_runner.py:123} INFO - ::group::Pre task execution logs
[2025-11-09T15:16:09.896+0000] {taskinstance.py:2603} INFO - Dependencies all met for dep_context=non-requeueable deps ti=<TaskInstance: app_script_dag.run_app_script manual__2025-11-09T15:11:03.091204+00:00 [queued]>
[2025-11-09T15:16:09.906+0000] {taskinstance.py:2603} INFO - Dependencies all met for dep_context=requeueable deps ti=<TaskInstance: app_script_dag.run_app_script manual__2025-11-09T15:11:03.091204+00:00 [queued]>
[2025-11-09T15:16:09.907+0000] {taskinstance.py:2856} INFO - Starting attempt 2 of 2
[2025-11-09T15:16:09.923+0000] {taskinstance.py:2879} INFO - Executing <Task(BashOperator): run_app_script> on 2025-11-09 15:11:03.091204+00:00
[2025-11-09T15:16:09.932+0000] {warnings.py:112} WARNING - /home/***/.local/lib/python3.12/site-packages/***/task/task_runner/standard_task_runner.py:70: DeprecationWarning: This process (pid=186) is multi-threaded, use of fork() may lead to deadlocks in the child.
  pid = os.fork()

[2025-11-09T15:16:09.935+0000] {standard_task_runner.py:72} INFO - Started process 188 to run task
[2025-11-09T15:16:09.934+0000] {standard_task_runner.py:104} INFO - Running: ['***', 'tasks', 'run', 'app_script_dag', 'run_app_script', 'manual__2025-11-09T15:11:03.091204+00:00', '--job-id', '16', '--raw', '--subdir', 'DAGS_FOLDER/app_dag.py', '--cfg-path', '/tmp/tmp37tq3uq6']
[2025-11-09T15:16:09.935+0000] {standard_task_runner.py:105} INFO - Job 16: Subtask run_app_script
[2025-11-09T15:16:10.039+0000] {task_command.py:467} INFO - Running <TaskInstance: app_script_dag.run_app_script manual__2025-11-09T15:11:03.091204+00:00 [running]> on host 57ae51d77f88
[2025-11-09T15:16:10.174+0000] {taskinstance.py:3122} INFO - Exporting env vars: AIRFLOW_CTX_DAG_OWNER='***' AIRFLOW_CTX_DAG_ID='app_script_dag' AIRFLOW_CTX_TASK_ID='run_app_script' AIRFLOW_CTX_EXECUTION_DATE='2025-11-09T15:11:03.091204+00:00' AIRFLOW_CTX_TRY_NUMBER='2' AIRFLOW_CTX_DAG_RUN_ID='manual__2025-11-09T15:11:03.091204+00:00'
[2025-11-09T15:16:10.177+0000] {logging_mixin.py:190} INFO - Task instance is in running state
[2025-11-09T15:16:10.178+0000] {logging_mixin.py:190} INFO -  Previous state of the Task instance: queued
[2025-11-09T15:16:10.178+0000] {logging_mixin.py:190} INFO - Current task name:run_app_script state:running start_date:2025-11-09 15:16:09.897405+00:00
[2025-11-09T15:16:10.179+0000] {logging_mixin.py:190} INFO - Dag name:app_script_dag and current dag run status:running
[2025-11-09T15:16:10.179+0000] {taskinstance.py:731} INFO - ::endgroup::
[2025-11-09T15:16:10.181+0000] {subprocess.py:63} INFO - Tmp dir root location: /tmp
[2025-11-09T15:16:10.183+0000] {subprocess.py:75} INFO - Running command: ['/usr/bin/bash', '-c', 'python3 /opt/***/src/app.py']
[2025-11-09T15:16:10.199+0000] {subprocess.py:86} INFO - Output:
[2025-11-09T15:16:10.868+0000] {subprocess.py:93} INFO - Traceback (most recent call last):
[2025-11-09T15:16:10.869+0000] {subprocess.py:93} INFO -   File "/opt/***/src/app.py", line 1, in <module>
[2025-11-09T15:16:10.872+0000] {subprocess.py:93} INFO -     import getItems
[2025-11-09T15:16:10.873+0000] {subprocess.py:93} INFO -   File "/opt/***/src/getItems.py", line 1, in <module>
[2025-11-09T15:16:10.876+0000] {subprocess.py:93} INFO -     import functions
[2025-11-09T15:16:10.877+0000] {subprocess.py:93} INFO -   File "/opt/***/src/functions.py", line 7, in <module>
[2025-11-09T15:16:10.880+0000] {subprocess.py:93} INFO -     from pymongo import MongoClient
[2025-11-09T15:16:10.881+0000] {subprocess.py:93} INFO - ModuleNotFoundError: No module named 'pymongo'
[2025-11-09T15:16:10.913+0000] {subprocess.py:97} INFO - Command exited with return code 1
[2025-11-09T15:16:10.927+0000] {taskinstance.py:3301} ERROR - Task failed with exception
Traceback (most recent call last):
  File "/home/airflow/.local/lib/python3.12/site-packages/airflow/models/taskinstance.py", line 767, in _execute_task
    result = _execute_callable(context=context, **execute_callable_kwargs)
             ^^^^^^^^^^^^^^^^^^^^^^^^^^^^^^^^^^^^^^^^^^^^^^^^^^^^^^^^^^^^^
  File "/home/airflow/.local/lib/python3.12/site-packages/airflow/models/taskinstance.py", line 733, in _execute_callable
    return ExecutionCallableRunner(
           ^^^^^^^^^^^^^^^^^^^^^^^^
  File "/home/airflow/.local/lib/python3.12/site-packages/airflow/utils/operator_helpers.py", line 252, in run
    return self.func(*args, **kwargs)
           ^^^^^^^^^^^^^^^^^^^^^^^^^^
  File "/home/airflow/.local/lib/python3.12/site-packages/airflow/models/baseoperator.py", line 406, in wrapper
    return func(self, *args, **kwargs)
           ^^^^^^^^^^^^^^^^^^^^^^^^^^^
  File "/home/airflow/.local/lib/python3.12/site-packages/airflow/operators/bash.py", line 249, in execute
    raise AirflowException(
airflow.exceptions.AirflowException: Bash command failed. The command returned a non-zero exit code 1.
[2025-11-09T15:16:10.932+0000] {logging_mixin.py:190} INFO - Task instance in failure state
[2025-11-09T15:16:10.933+0000] {logging_mixin.py:190} INFO - Task start:2025-11-09 15:16:09.897405+00:00 end:2025-11-09 15:16:10.931904+00:00 duration:1.034499
[2025-11-09T15:16:10.934+0000] {logging_mixin.py:190} INFO - Task:<Task(BashOperator): run_app_script> dag:<DAG: app_script_dag> dagrun:<DagRun app_script_dag @ 2025-11-09 15:11:03.091204+00:00: manual__2025-11-09T15:11:03.091204+00:00, state:running, queued_at: 2025-11-09 15:11:03.171357+00:00. externally triggered: True>
[2025-11-09T15:16:10.935+0000] {logging_mixin.py:190} INFO - Failure caused by Bash command failed. The command returned a non-zero exit code 1.
[2025-11-09T15:16:10.935+0000] {taskinstance.py:1225} INFO - Marking task as FAILED. dag_id=app_script_dag, task_id=run_app_script, run_id=manual__2025-11-09T15:11:03.091204+00:00, execution_date=20251109T151103, start_date=20251109T151609, end_date=20251109T151610
[2025-11-09T15:16:10.988+0000] {taskinstance.py:340} INFO - ::group::Post task execution logs
[2025-11-09T15:16:10.989+0000] {standard_task_runner.py:124} ERROR - Failed to execute job 16 for task run_app_script (Bash command failed. The command returned a non-zero exit code 1.; 188)
Traceback (most recent call last):
  File "/home/airflow/.local/lib/python3.12/site-packages/airflow/task/task_runner/standard_task_runner.py", line 117, in _start_by_fork
    ret = args.func(args, dag=self.dag)
          ^^^^^^^^^^^^^^^^^^^^^^^^^^^^^
  File "/home/airflow/.local/lib/python3.12/site-packages/airflow/cli/cli_config.py", line 49, in command
    return func(*args, **kwargs)
           ^^^^^^^^^^^^^^^^^^^^^
  File "/home/airflow/.local/lib/python3.12/site-packages/airflow/utils/cli.py", line 115, in wrapper
    return f(*args, **kwargs)
           ^^^^^^^^^^^^^^^^^^
  File "/home/airflow/.local/lib/python3.12/site-packages/airflow/cli/commands/task_command.py", line 483, in task_run
    task_return_code = _run_task_by_selected_method(args, _dag, ti)
                       ^^^^^^^^^^^^^^^^^^^^^^^^^^^^^^^^^^^^^^^^^^^^
  File "/home/airflow/.local/lib/python3.12/site-packages/airflow/cli/commands/task_command.py", line 256, in _run_task_by_selected_method
    return _run_raw_task(args, ti)
           ^^^^^^^^^^^^^^^^^^^^^^^
  File "/home/airflow/.local/lib/python3.12/site-packages/airflow/cli/commands/task_command.py", line 341, in _run_raw_task
    return ti._run_raw_task(
           ^^^^^^^^^^^^^^^^^
  File "/home/airflow/.local/lib/python3.12/site-packages/airflow/utils/session.py", line 97, in wrapper
    return func(*args, session=session, **kwargs)
           ^^^^^^^^^^^^^^^^^^^^^^^^^^^^^^^^^^^^^^
  File "/home/airflow/.local/lib/python3.12/site-packages/airflow/models/taskinstance.py", line 2995, in _run_raw_task
    return _run_raw_task(
           ^^^^^^^^^^^^^^
  File "/home/airflow/.local/lib/python3.12/site-packages/airflow/models/taskinstance.py", line 273, in _run_raw_task
    TaskInstance._execute_task_with_callbacks(
  File "/home/airflow/.local/lib/python3.12/site-packages/airflow/models/taskinstance.py", line 3149, in _execute_task_with_callbacks
    result = self._execute_task(context, task_orig)
             ^^^^^^^^^^^^^^^^^^^^^^^^^^^^^^^^^^^^^^
  File "/home/airflow/.local/lib/python3.12/site-packages/airflow/models/taskinstance.py", line 3173, in _execute_task
    return _execute_task(self, context, task_orig)
           ^^^^^^^^^^^^^^^^^^^^^^^^^^^^^^^^^^^^^^^
  File "/home/airflow/.local/lib/python3.12/site-packages/airflow/models/taskinstance.py", line 767, in _execute_task
    result = _execute_callable(context=context, **execute_callable_kwargs)
             ^^^^^^^^^^^^^^^^^^^^^^^^^^^^^^^^^^^^^^^^^^^^^^^^^^^^^^^^^^^^^
  File "/home/airflow/.local/lib/python3.12/site-packages/airflow/models/taskinstance.py", line 733, in _execute_callable
    return ExecutionCallableRunner(
           ^^^^^^^^^^^^^^^^^^^^^^^^
  File "/home/airflow/.local/lib/python3.12/site-packages/airflow/utils/operator_helpers.py", line 252, in run
    return self.func(*args, **kwargs)
           ^^^^^^^^^^^^^^^^^^^^^^^^^^
  File "/home/airflow/.local/lib/python3.12/site-packages/airflow/models/baseoperator.py", line 406, in wrapper
    return func(self, *args, **kwargs)
           ^^^^^^^^^^^^^^^^^^^^^^^^^^^
  File "/home/airflow/.local/lib/python3.12/site-packages/airflow/operators/bash.py", line 249, in execute
    raise AirflowException(
airflow.exceptions.AirflowException: Bash command failed. The command returned a non-zero exit code 1.
[2025-11-09T15:16:11.035+0000] {local_task_job_runner.py:261} INFO - Task exited with return code 1
[2025-11-09T15:16:11.053+0000] {taskinstance.py:3891} INFO - 0 downstream tasks scheduled from follow-on schedule check
[2025-11-09T15:16:11.056+0000] {local_task_job_runner.py:240} INFO - ::endgroup::
